  game.cpp
C:\Users\Sylwester\source\repos\Cards-against-the-world\Cards against the world\socketUtils.h(31): warning C4101: "ch": lokalna zmienna, do której nie istnieje odwołanie
C:\Users\Sylwester\source\repos\Cards-against-the-world\Cards against the world\inputText.h(67): warning C4244: "argument": konwersja z "int" do "float", możliwa utrata danych
C:\Users\Sylwester\source\repos\Cards-against-the-world\Cards against the world\inputText.h(67): warning C4244: "argument": konwersja z "double" do "float", możliwa utrata danych
C:\Users\Sylwester\source\repos\Cards-against-the-world\Cards against the world\inputText.h(79): warning C4244: "argument": konwersja z "int" do "T", możliwa utrata danych
          with
          [
              T=float
          ]
C:\Users\Sylwester\source\repos\Cards-against-the-world\Cards against the world\inputText.h(79): warning C4244: "argument": konwersja z "int" do "float", możliwa utrata danych
C:\Users\Sylwester\source\repos\Cards-against-the-world\Cards against the world\inputText.h(83): warning C4244: "argument": konwersja z "double" do "float", możliwa utrata danych
C:\Users\Sylwester\source\repos\Cards-against-the-world\Cards against the world\inputText.h(84): warning C4244: "argument": konwersja z "double" do "float", możliwa utrata danych
C:\Users\Sylwester\source\repos\Cards-against-the-world\Cards against the world\Button.h(37): warning C4244: "argument": konwersja z "double" do "float", możliwa utrata danych
C:\Users\Sylwester\source\repos\Cards-against-the-world\Cards against the world\Button.h(42): warning C4244: "argument": konwersja z "int" do "float", możliwa utrata danych
C:\Users\Sylwester\source\repos\Cards-against-the-world\Cards against the world\game.cpp(21): warning C4018: "<": niezgodność typu ze znakiem/bez znaku
C:\Users\Sylwester\source\repos\Cards-against-the-world\Cards against the world\game.cpp(26): warning C4018: "<": niezgodność typu ze znakiem/bez znaku
C:\Users\Sylwester\source\repos\Cards-against-the-world\Cards against the world\game.cpp(175): warning C4244: "argument": konwersja z "double" do "int", możliwa utrata danych
C:\Users\Sylwester\source\repos\Cards-against-the-world\Cards against the world\game.cpp(183): warning C4244: "argument": konwersja z "double" do "int", możliwa utrata danych
C:\Users\Sylwester\source\repos\Cards-against-the-world\Cards against the world\game.cpp(190): warning C4244: "argument": konwersja z "double" do "float", możliwa utrata danych
C:\Users\Sylwester\source\repos\Cards-against-the-world\Cards against the world\game.cpp(191): warning C4244: "argument": konwersja z "double" do "float", możliwa utrata danych
C:\Users\Sylwester\source\repos\Cards-against-the-world\Cards against the world\game.cpp(197): warning C4244: "argument": konwersja z "double" do "float", możliwa utrata danych
C:\Users\Sylwester\source\repos\Cards-against-the-world\Cards against the world\game.cpp(198): warning C4244: "argument": konwersja z "double" do "float", możliwa utrata danych
C:\Users\Sylwester\source\repos\Cards-against-the-world\Cards against the world\game.cpp(226): warning C4018: "<": niezgodność typu ze znakiem/bez znaku
C:\Users\Sylwester\source\repos\Cards-against-the-world\Cards against the world\game.cpp(234): warning C4101: "received": lokalna zmienna, do której nie istnieje odwołanie
  inputText.cpp
C:\Users\Sylwester\source\repos\Cards-against-the-world\Cards against the world\inputText.h(67): warning C4244: "argument": konwersja z "int" do "float", możliwa utrata danych
C:\Users\Sylwester\source\repos\Cards-against-the-world\Cards against the world\inputText.h(67): warning C4244: "argument": konwersja z "double" do "float", możliwa utrata danych
C:\Users\Sylwester\source\repos\Cards-against-the-world\Cards against the world\inputText.h(79): warning C4244: "argument": konwersja z "int" do "T", możliwa utrata danych
          with
          [
              T=float
          ]
C:\Users\Sylwester\source\repos\Cards-against-the-world\Cards against the world\inputText.h(79): warning C4244: "argument": konwersja z "int" do "float", możliwa utrata danych
C:\Users\Sylwester\source\repos\Cards-against-the-world\Cards against the world\inputText.h(83): warning C4244: "argument": konwersja z "double" do "float", możliwa utrata danych
C:\Users\Sylwester\source\repos\Cards-against-the-world\Cards against the world\inputText.h(84): warning C4244: "argument": konwersja z "double" do "float", możliwa utrata danych
C:\Users\Sylwester\source\repos\Cards-against-the-world\Cards against the world\inputText.cpp(73): warning C4018: "<": niezgodność typu ze znakiem/bez znaku
C:\Users\Sylwester\source\repos\Cards-against-the-world\Cards against the world\inputText.cpp(99): warning C4018: ">": niezgodność typu ze znakiem/bez znaku
C:\Users\Sylwester\source\repos\Cards-against-the-world\Cards against the world\inputText.cpp(103): warning C4018: ">": niezgodność typu ze znakiem/bez znaku
C:\Users\Sylwester\source\repos\Cards-against-the-world\Cards against the world\inputText.cpp(234): warning C4018: "<=": niezgodność typu ze znakiem/bez znaku
C:\Users\Sylwester\source\repos\Cards-against-the-world\Cards against the world\inputText.cpp(245): warning C4244: "argument": konwersja z "int" do "float", możliwa utrata danych
C:\Users\Sylwester\source\repos\Cards-against-the-world\Cards against the world\inputText.cpp(247): warning C4244: "argument": konwersja z "int" do "float", możliwa utrata danych
  menu.cpp
C:\Users\Sylwester\source\repos\Cards-against-the-world\Cards against the world\Button.h(37): warning C4244: "argument": konwersja z "double" do "float", możliwa utrata danych
C:\Users\Sylwester\source\repos\Cards-against-the-world\Cards against the world\Button.h(42): warning C4244: "argument": konwersja z "int" do "float", możliwa utrata danych
C:\Users\Sylwester\source\repos\Cards-against-the-world\Cards against the world\inputText.h(67): warning C4244: "argument": konwersja z "int" do "float", możliwa utrata danych
C:\Users\Sylwester\source\repos\Cards-against-the-world\Cards against the world\inputText.h(67): warning C4244: "argument": konwersja z "double" do "float", możliwa utrata danych
C:\Users\Sylwester\source\repos\Cards-against-the-world\Cards against the world\inputText.h(79): warning C4244: "argument": konwersja z "int" do "T", możliwa utrata danych
          with
          [
              T=float
          ]
C:\Users\Sylwester\source\repos\Cards-against-the-world\Cards against the world\inputText.h(79): warning C4244: "argument": konwersja z "int" do "float", możliwa utrata danych
C:\Users\Sylwester\source\repos\Cards-against-the-world\Cards against the world\inputText.h(83): warning C4244: "argument": konwersja z "double" do "float", możliwa utrata danych
C:\Users\Sylwester\source\repos\Cards-against-the-world\Cards against the world\inputText.h(84): warning C4244: "argument": konwersja z "double" do "float", możliwa utrata danych
C:\Users\Sylwester\source\repos\Cards-against-the-world\Cards against the world\socketUtils.h(31): warning C4101: "ch": lokalna zmienna, do której nie istnieje odwołanie
C:\Users\Sylwester\source\repos\Cards-against-the-world\Cards against the world\menu.cpp(51): warning C4244: "argument": konwersja z "double" do "float", możliwa utrata danych
C:\Users\Sylwester\source\repos\Cards-against-the-world\Cards against the world\menu.cpp(52): warning C4244: "argument": konwersja z "double" do "float", możliwa utrata danych
C:\Users\Sylwester\source\repos\Cards-against-the-world\Cards against the world\menu.cpp(58): warning C4244: "argument": konwersja z "double" do "float", możliwa utrata danych
C:\Users\Sylwester\source\repos\Cards-against-the-world\Cards against the world\menu.cpp(59): warning C4244: "argument": konwersja z "double" do "float", możliwa utrata danych
C:\Users\Sylwester\source\repos\Cards-against-the-world\Cards against the world\menu.cpp(65): warning C4244: "argument": konwersja z "double" do "float", możliwa utrata danych
C:\Users\Sylwester\source\repos\Cards-against-the-world\Cards against the world\menu.cpp(66): warning C4244: "argument": konwersja z "double" do "float", możliwa utrata danych
C:\Users\Sylwester\source\repos\Cards-against-the-world\Cards against the world\menu.cpp(105): warning C4244: "argument": konwersja z "double" do "float", możliwa utrata danych
C:\Users\Sylwester\source\repos\Cards-against-the-world\Cards against the world\menu.cpp(106): warning C4244: "argument": konwersja z "double" do "float", możliwa utrata danych
C:\Users\Sylwester\source\repos\Cards-against-the-world\Cards against the world\menu.cpp(112): warning C4244: "argument": konwersja z "double" do "float", możliwa utrata danych
C:\Users\Sylwester\source\repos\Cards-against-the-world\Cards against the world\menu.cpp(113): warning C4244: "argument": konwersja z "double" do "float", możliwa utrata danych
C:\Users\Sylwester\source\repos\Cards-against-the-world\Cards against the world\menu.cpp(119): warning C4244: "argument": konwersja z "double" do "float", możliwa utrata danych
C:\Users\Sylwester\source\repos\Cards-against-the-world\Cards against the world\menu.cpp(120): warning C4244: "argument": konwersja z "double" do "float", możliwa utrata danych
C:\Users\Sylwester\source\repos\Cards-against-the-world\Cards against the world\menu.cpp(164): warning C4244: "argument": konwersja z "double" do "int", możliwa utrata danych
C:\Users\Sylwester\source\repos\Cards-against-the-world\Cards against the world\menu.cpp(172): warning C4244: "argument": konwersja z "double" do "int", możliwa utrata danych
C:\Users\Sylwester\source\repos\Cards-against-the-world\Cards against the world\menu.cpp(179): warning C4244: "argument": konwersja z "double" do "float", możliwa utrata danych
C:\Users\Sylwester\source\repos\Cards-against-the-world\Cards against the world\menu.cpp(180): warning C4244: "argument": konwersja z "double" do "float", możliwa utrata danych
C:\Users\Sylwester\source\repos\Cards-against-the-world\Cards against the world\menu.cpp(186): warning C4244: "argument": konwersja z "double" do "float", możliwa utrata danych
C:\Users\Sylwester\source\repos\Cards-against-the-world\Cards against the world\menu.cpp(187): warning C4244: "argument": konwersja z "double" do "float", możliwa utrata danych
  Generowanie kodu...
C:\Users\Sylwester\source\repos\Cards-against-the-world\Cards against the world\menu.cpp(155): warning C4715: "Menu::choseGameMode”: niewszystkie ścieżki kodu zwracają wartość
C:\Users\Sylwester\source\repos\Cards-against-the-world\Cards against the world\menu.cpp(97): warning C4715: "Menu::mainMenuUpdate”: niewszystkie ścieżki kodu zwracają wartość
C:\Users\Sylwester\source\repos\Cards-against-the-world\Cards against the world\menu.cpp(245): warning C4715: "Menu::ConnectToLobby”: niewszystkie ścieżki kodu zwracają wartość
C:\Users\Sylwester\source\repos\Cards-against-the-world\Cards against the world\inputText.cpp(215): warning C4715: "inputText::checkSpecialCharacters”: niewszystkie ścieżki kodu zwracają wartość
C:\Users\Sylwester\source\repos\Cards-against-the-world\Cards against the world\game.cpp(77): warning C4715: "game::connect”: niewszystkie ścieżki kodu zwracają wartość
  Cards against the world.vcxproj -> C:\Users\Sylwester\source\repos\Cards-against-the-world\Cards against the world\Debug\Cards against the world.exe
