  game.cpp
C:\Users\Sylwester\source\repos\Cards-against-the-world\Server\game.h(9): warning C4005: "LEN": ponowna definicja makra
  C:\Users\Sylwester\source\repos\Cards-against-the-world\Server\socketUtils.h(15): note: zobacz poprzednią definicję „LEN”
C:\Users\Sylwester\source\repos\Cards-against-the-world\Server\game.h(29): warning C4267: "return": konwersja z "size_t" do "int", możliwa utrata danych
C:\Users\Sylwester\source\repos\Cards-against-the-world\Server\game.cpp(56): warning C4244: "argument": konwersja z "time_t" do "unsigned int", możliwa utrata danych
C:\Users\Sylwester\source\repos\Cards-against-the-world\Server\game.cpp(90): warning C4101: "state": lokalna zmienna, do której nie istnieje odwołanie
C:\Users\Sylwester\source\repos\Cards-against-the-world\Server\game.cpp(174): warning C4267: "argument": konwersja z "size_t" do "char", możliwa utrata danych
C:\Users\Sylwester\source\repos\Cards-against-the-world\Server\game.cpp(180): warning C4267: "inicjowanie": konwersja z "size_t" do "int", możliwa utrata danych
C:\Users\Sylwester\source\repos\Cards-against-the-world\Server\game.cpp(189): warning C4267: "argument": konwersja z "size_t" do "uint16_t", możliwa utrata danych
C:\Users\Sylwester\source\repos\Cards-against-the-world\Server\game.cpp(191): warning C4267: "argument": konwersja z "size_t" do "int", możliwa utrata danych
C:\Users\Sylwester\source\repos\Cards-against-the-world\Server\game.cpp(246): warning C4390: ";": znaleziono kontrolowaną pustą instrukcję; czy to było zamierzone?
C:\Users\Sylwester\source\repos\Cards-against-the-world\Server\game.cpp(256): warning C4390: ";": znaleziono kontrolowaną pustą instrukcję; czy to było zamierzone?
C:\Users\Sylwester\source\repos\Cards-against-the-world\Server\game.cpp(300): warning C4390: ";": znaleziono kontrolowaną pustą instrukcję; czy to było zamierzone?
C:\Users\Sylwester\source\repos\Cards-against-the-world\Server\game.cpp(353): warning C4244: "-=": konwersja z "_Rep" do "long", możliwa utrata danych
          with
          [
              _Rep=__int64
          ]
C:\Users\Sylwester\source\repos\Cards-against-the-world\Server\game.cpp(385): warning C4244: "argument": konwersja z "SOCKET" do "const _Ty", możliwa utrata danych
          with
          [
              _Ty=int
          ]
C:\Users\Sylwester\source\repos\Cards-against-the-world\Server\game.cpp(412): warning C4267: "inicjowanie": konwersja z "size_t" do "int", możliwa utrata danych
C:\Users\Sylwester\source\repos\Cards-against-the-world\Server\game.cpp(400): warning C4390: ";": znaleziono kontrolowaną pustą instrukcję; czy to było zamierzone?
C:\Users\Sylwester\source\repos\Cards-against-the-world\Server\game.cpp(411): warning C4390: ";": znaleziono kontrolowaną pustą instrukcję; czy to było zamierzone?
C:\Users\Sylwester\source\repos\Cards-against-the-world\Server\game.cpp(446): warning C4244: "-=": konwersja z "_Rep" do "long", możliwa utrata danych
          with
          [
              _Rep=__int64
          ]
C:\Users\Sylwester\source\repos\Cards-against-the-world\Server\game.cpp(478): warning C4244: "argument": konwersja z "SOCKET" do "const _Ty", możliwa utrata danych
          with
          [
              _Ty=int
          ]
C:\Users\Sylwester\source\repos\Cards-against-the-world\Server\game.cpp(505): warning C4267: "inicjowanie": konwersja z "size_t" do "int", możliwa utrata danych
C:\Users\Sylwester\source\repos\Cards-against-the-world\Server\game.cpp(433): warning C4390: ";": znaleziono kontrolowaną pustą instrukcję; czy to było zamierzone?
C:\Users\Sylwester\source\repos\Cards-against-the-world\Server\game.cpp(493): warning C4390: ";": znaleziono kontrolowaną pustą instrukcję; czy to było zamierzone?
C:\Users\Sylwester\source\repos\Cards-against-the-world\Server\game.cpp(504): warning C4390: ";": znaleziono kontrolowaną pustą instrukcję; czy to było zamierzone?
C:\Users\Sylwester\source\repos\Cards-against-the-world\Server\game.cpp(523): warning C4390: ";": znaleziono kontrolowaną pustą instrukcję; czy to było zamierzone?
C:\Users\Sylwester\source\repos\Cards-against-the-world\Server\game.cpp(570): warning C4390: ";": znaleziono kontrolowaną pustą instrukcję; czy to było zamierzone?
C:\Users\Sylwester\source\repos\Cards-against-the-world\Server\game.cpp(581): warning C4390: ";": znaleziono kontrolowaną pustą instrukcję; czy to było zamierzone?
C:\Users\Sylwester\source\repos\Cards-against-the-world\Server\game.cpp(586): warning C4390: ";": znaleziono kontrolowaną pustą instrukcję; czy to było zamierzone?
C:\Users\Sylwester\source\repos\Cards-against-the-world\Server\game.cpp(590): warning C4390: ";": znaleziono kontrolowaną pustą instrukcję; czy to było zamierzone?
C:\Users\Sylwester\source\repos\Cards-against-the-world\Server\game.cpp(599): warning C4390: ";": znaleziono kontrolowaną pustą instrukcję; czy to było zamierzone?
C:\Users\Sylwester\source\repos\Cards-against-the-world\Server\game.cpp(606): warning C4018: "<": niezgodność typu ze znakiem/bez znaku
C:\Users\Sylwester\source\repos\Cards-against-the-world\Server\game.cpp(124): warning C4715: "game::rejectNewClient”: niewszystkie ścieżki kodu zwracają wartość
C:\Users\Sylwester\source\repos\Cards-against-the-world\Server\game.cpp(195): warning C4715: "game::acceptNewClient”: niewszystkie ścieżki kodu zwracają wartość
C:\Users\Sylwester\source\repos\Cards-against-the-world\Server\game.cpp(527): warning C4715: "game::questionOvertimeF”: niewszystkie ścieżki kodu zwracają wartość
  Server.vcxproj -> C:\Users\Sylwester\source\repos\Cards-against-the-world\Server\x64\Debug\Server.exe
