c:\users\sylwester\source\repos\cards-against-the-world\cards against the world\release\cards against the world.ipdb
c:\users\sylwester\source\repos\cards-against-the-world\cards against the world\release\cards against the world.iobj
c:\users\sylwester\source\repos\cards-against-the-world\cards against the world\release\vc142.pdb
c:\users\sylwester\source\repos\cards-against-the-world\cards against the world\release\table.nativecodeanalysis.sarif
c:\users\sylwester\source\repos\cards-against-the-world\cards against the world\release\table.nativecodeanalysis.xml
c:\users\sylwester\source\repos\cards-against-the-world\cards against the world\release\sounds.nativecodeanalysis.sarif
c:\users\sylwester\source\repos\cards-against-the-world\cards against the world\release\sounds.nativecodeanalysis.xml
c:\users\sylwester\source\repos\cards-against-the-world\cards against the world\release\socketutils.nativecodeanalysis.sarif
c:\users\sylwester\source\repos\cards-against-the-world\cards against the world\release\socketutils.nativecodeanalysis.xml
c:\users\sylwester\source\repos\cards-against-the-world\cards against the world\release\sliderw.nativecodeanalysis.sarif
c:\users\sylwester\source\repos\cards-against-the-world\cards against the world\release\sliderw.nativecodeanalysis.xml
c:\users\sylwester\source\repos\cards-against-the-world\cards against the world\release\slider.nativecodeanalysis.sarif
c:\users\sylwester\source\repos\cards-against-the-world\cards against the world\release\slider.nativecodeanalysis.xml
c:\users\sylwester\source\repos\cards-against-the-world\cards against the world\release\settings.nativecodeanalysis.sarif
c:\users\sylwester\source\repos\cards-against-the-world\cards against the world\release\settings.nativecodeanalysis.xml
c:\users\sylwester\source\repos\cards-against-the-world\cards against the world\release\scoreboard.nativecodeanalysis.sarif
c:\users\sylwester\source\repos\cards-against-the-world\cards against the world\release\scoreboard.nativecodeanalysis.xml
c:\users\sylwester\source\repos\cards-against-the-world\cards against the world\release\rounds.nativecodeanalysis.sarif
c:\users\sylwester\source\repos\cards-against-the-world\cards against the world\release\rounds.nativecodeanalysis.xml
c:\users\sylwester\source\repos\cards-against-the-world\cards against the world\release\popalert.nativecodeanalysis.sarif
c:\users\sylwester\source\repos\cards-against-the-world\cards against the world\release\popalert.nativecodeanalysis.xml
c:\users\sylwester\source\repos\cards-against-the-world\cards against the world\release\messages.nativecodeanalysis.sarif
c:\users\sylwester\source\repos\cards-against-the-world\cards against the world\release\messages.nativecodeanalysis.xml
c:\users\sylwester\source\repos\cards-against-the-world\cards against the world\release\menu.nativecodeanalysis.sarif
c:\users\sylwester\source\repos\cards-against-the-world\cards against the world\release\menu.nativecodeanalysis.xml
c:\users\sylwester\source\repos\cards-against-the-world\cards against the world\release\lobbyplayers.nativecodeanalysis.sarif
c:\users\sylwester\source\repos\cards-against-the-world\cards against the world\release\lobbyplayers.nativecodeanalysis.xml
c:\users\sylwester\source\repos\cards-against-the-world\cards against the world\release\inputtext.nativecodeanalysis.sarif
c:\users\sylwester\source\repos\cards-against-the-world\cards against the world\release\inputtext.nativecodeanalysis.xml
c:\users\sylwester\source\repos\cards-against-the-world\cards against the world\release\game.nativecodeanalysis.sarif
c:\users\sylwester\source\repos\cards-against-the-world\cards against the world\release\game.nativecodeanalysis.xml
c:\users\sylwester\source\repos\cards-against-the-world\cards against the world\release\deck.nativecodeanalysis.sarif
c:\users\sylwester\source\repos\cards-against-the-world\cards against the world\release\deck.nativecodeanalysis.xml
c:\users\sylwester\source\repos\cards-against-the-world\cards against the world\release\chosingtable.nativecodeanalysis.sarif
c:\users\sylwester\source\repos\cards-against-the-world\cards against the world\release\chosingtable.nativecodeanalysis.xml
c:\users\sylwester\source\repos\cards-against-the-world\cards against the world\release\chat.nativecodeanalysis.sarif
c:\users\sylwester\source\repos\cards-against-the-world\cards against the world\release\chat.nativecodeanalysis.xml
c:\users\sylwester\source\repos\cards-against-the-world\cards against the world\release\cards against the world.nativecodeanalysis.sarif
c:\users\sylwester\source\repos\cards-against-the-world\cards against the world\release\cards against the world.nativecodeanalysis.xml
c:\users\sylwester\source\repos\cards-against-the-world\cards against the world\release\card.nativecodeanalysis.sarif
c:\users\sylwester\source\repos\cards-against-the-world\cards against the world\release\card.nativecodeanalysis.xml
c:\users\sylwester\source\repos\cards-against-the-world\cards against the world\release\button.nativecodeanalysis.sarif
c:\users\sylwester\source\repos\cards-against-the-world\cards against the world\release\button.nativecodeanalysis.xml
c:\users\sylwester\source\repos\cards-against-the-world\cards against the world\release\button.obj
c:\users\sylwester\source\repos\cards-against-the-world\cards against the world\release\card.obj
c:\users\sylwester\source\repos\cards-against-the-world\cards against the world\release\cards against the world.obj
c:\users\sylwester\source\repos\cards-against-the-world\cards against the world\release\chat.obj
c:\users\sylwester\source\repos\cards-against-the-world\cards against the world\release\chosingtable.obj
c:\users\sylwester\source\repos\cards-against-the-world\cards against the world\release\deck.obj
c:\users\sylwester\source\repos\cards-against-the-world\cards against the world\release\game.obj
c:\users\sylwester\source\repos\cards-against-the-world\cards against the world\release\inputtext.obj
c:\users\sylwester\source\repos\cards-against-the-world\cards against the world\release\lobbyplayers.obj
c:\users\sylwester\source\repos\cards-against-the-world\cards against the world\release\menu.obj
c:\users\sylwester\source\repos\cards-against-the-world\cards against the world\release\messages.obj
c:\users\sylwester\source\repos\cards-against-the-world\cards against the world\release\popalert.obj
c:\users\sylwester\source\repos\cards-against-the-world\cards against the world\release\rounds.obj
c:\users\sylwester\source\repos\cards-against-the-world\cards against the world\release\scoreboard.obj
c:\users\sylwester\source\repos\cards-against-the-world\cards against the world\release\settings.obj
c:\users\sylwester\source\repos\cards-against-the-world\cards against the world\release\slider.obj
c:\users\sylwester\source\repos\cards-against-the-world\cards against the world\release\sliderw.obj
c:\users\sylwester\source\repos\cards-against-the-world\cards against the world\release\socketutils.obj
c:\users\sylwester\source\repos\cards-against-the-world\cards against the world\release\sounds.obj
c:\users\sylwester\source\repos\cards-against-the-world\cards against the world\release\table.obj
c:\users\sylwester\source\repos\cards-against-the-world\cards against the world\release\timer.nativecodeanalysis.sarif
c:\users\sylwester\source\repos\cards-against-the-world\cards against the world\release\timer.nativecodeanalysis.xml
c:\users\sylwester\source\repos\cards-against-the-world\cards against the world\release\timer.obj
c:\users\sylwester\source\repos\cards-against-the-world\cards against the world\release\cards against the world.exe
c:\users\sylwester\source\repos\cards-against-the-world\cards against the world\release\cards against the world.pdb
c:\users\sylwester\source\repos\cards-against-the-world\cards against the world\release\nativecodeanalysis.read.1.tlog
c:\users\sylwester\source\repos\cards-against-the-world\cards against the world\release\vc.nativecodeanalysis.all.xml
c:\users\sylwester\source\repos\cards-against-the-world\cards against the world\release\cards against the world.exe.lastcodeanalysissucceeded
c:\users\sylwester\source\repos\cards-against-the-world\cards against the world\release\cards ag.a5e13add.tlog\cards against the world.write.1u.tlog
c:\users\sylwester\source\repos\cards-against-the-world\cards against the world\release\cards ag.a5e13add.tlog\cl.command.1.tlog
c:\users\sylwester\source\repos\cards-against-the-world\cards against the world\release\cards ag.a5e13add.tlog\cl.read.1.tlog
c:\users\sylwester\source\repos\cards-against-the-world\cards against the world\release\cards ag.a5e13add.tlog\cl.write.1.tlog
c:\users\sylwester\source\repos\cards-against-the-world\cards against the world\release\cards ag.a5e13add.tlog\link.command.1.tlog
c:\users\sylwester\source\repos\cards-against-the-world\cards against the world\release\cards ag.a5e13add.tlog\link.read.1.tlog
c:\users\sylwester\source\repos\cards-against-the-world\cards against the world\release\cards ag.a5e13add.tlog\link.write.1.tlog
