  game.cpp
C:\Users\Sylwester\source\repos\Cards-against-the-world\Cards against the world\inputText.h(69): warning C4244: "argument": konwersja z "int" do "float", możliwa utrata danych
C:\Users\Sylwester\source\repos\Cards-against-the-world\Cards against the world\inputText.h(69): warning C4244: "argument": konwersja z "double" do "float", możliwa utrata danych
C:\Users\Sylwester\source\repos\Cards-against-the-world\Cards against the world\inputText.h(84): warning C4244: "argument": konwersja z "int" do "T", możliwa utrata danych
          with
          [
              T=float
          ]
C:\Users\Sylwester\source\repos\Cards-against-the-world\Cards against the world\inputText.h(84): warning C4244: "argument": konwersja z "int" do "float", możliwa utrata danych
C:\Users\Sylwester\source\repos\Cards-against-the-world\Cards against the world\inputText.h(88): warning C4244: "argument": konwersja z "double" do "float", możliwa utrata danych
C:\Users\Sylwester\source\repos\Cards-against-the-world\Cards against the world\Slider.h(22): warning C4244: "argument": konwersja z "double" do "float", możliwa utrata danych
C:\Users\Sylwester\source\repos\Cards-against-the-world\Cards against the world\Slider.h(23): warning C4244: "argument": konwersja z "double" do "float", możliwa utrata danych
C:\Users\Sylwester\source\repos\Cards-against-the-world\Cards against the world\Slider.h(32): warning C4244: "argument": konwersja z "double" do "float", możliwa utrata danych
C:\Users\Sylwester\source\repos\Cards-against-the-world\Cards against the world\card.h(45): warning C4244: "argument": konwersja z "float" do "unsigned int", możliwa utrata danych
C:\Users\Sylwester\source\repos\Cards-against-the-world\Cards against the world\table.h(34): warning C4244: "argument": konwersja z "double" do "float", możliwa utrata danych
C:\Users\Sylwester\source\repos\Cards-against-the-world\Cards against the world\chosingTable.h(43): warning C4244: "argument": konwersja z "double" do "float", możliwa utrata danych
C:\Users\Sylwester\source\repos\Cards-against-the-world\Cards against the world\chosingTable.h(44): warning C4244: "argument": konwersja z "double" do "float", możliwa utrata danych
C:\Users\Sylwester\source\repos\Cards-against-the-world\Cards against the world\Button.h(37): warning C4244: "argument": konwersja z "double" do "float", możliwa utrata danych
C:\Users\Sylwester\source\repos\Cards-against-the-world\Cards against the world\Button.h(42): warning C4244: "argument": konwersja z "int" do "float", możliwa utrata danych
C:\Users\Sylwester\source\repos\Cards-against-the-world\Cards against the world\SliderW.h(28): warning C4244: "argument": konwersja z "double" do "float", możliwa utrata danych
C:\Users\Sylwester\source\repos\Cards-against-the-world\Cards against the world\Rounds.h(17): warning C4244: "argument": konwersja z "int" do "float", możliwa utrata danych
C:\Users\Sylwester\source\repos\Cards-against-the-world\Cards against the world\game.cpp(110): warning C4018: "<": niezgodność typu ze znakiem/bez znaku
C:\Users\Sylwester\source\repos\Cards-against-the-world\Cards against the world\game.cpp(117): warning C4018: "<": niezgodność typu ze znakiem/bez znaku
C:\Users\Sylwester\source\repos\Cards-against-the-world\Cards against the world\game.cpp(340): warning C4244: "argument": konwersja z "double" do "float", możliwa utrata danych
C:\Users\Sylwester\source\repos\Cards-against-the-world\Cards against the world\game.cpp(341): warning C4244: "argument": konwersja z "double" do "float", możliwa utrata danych
C:\Users\Sylwester\source\repos\Cards-against-the-world\Cards against the world\game.cpp(347): warning C4244: "argument": konwersja z "double" do "float", możliwa utrata danych
C:\Users\Sylwester\source\repos\Cards-against-the-world\Cards against the world\game.cpp(348): warning C4244: "argument": konwersja z "double" do "float", możliwa utrata danych
C:\Users\Sylwester\source\repos\Cards-against-the-world\Cards against the world\game.cpp(360): warning C4244: "argument": konwersja z "double" do "int", możliwa utrata danych
C:\Users\Sylwester\source\repos\Cards-against-the-world\Cards against the world\game.cpp(391): warning C4244: "argument": konwersja z "float" do "int", możliwa utrata danych
C:\Users\Sylwester\source\repos\Cards-against-the-world\Cards against the world\game.cpp(412): warning C4101: "received": lokalna zmienna, do której nie istnieje odwołanie
C:\Users\Sylwester\source\repos\Cards-against-the-world\Cards against the world\game.cpp(503): warning C4244: "argument": konwersja z "double" do "float", możliwa utrata danych
C:\Users\Sylwester\source\repos\Cards-against-the-world\Cards against the world\game.cpp(504): warning C4244: "argument": konwersja z "double" do "float", możliwa utrata danych
C:\Users\Sylwester\source\repos\Cards-against-the-world\Cards against the world\game.cpp(510): warning C4244: "argument": konwersja z "double" do "float", możliwa utrata danych
C:\Users\Sylwester\source\repos\Cards-against-the-world\Cards against the world\game.cpp(511): warning C4244: "argument": konwersja z "double" do "float", możliwa utrata danych
C:\Users\Sylwester\source\repos\Cards-against-the-world\Cards against the world\game.cpp(517): warning C4244: "argument": konwersja z "double" do "float", możliwa utrata danych
C:\Users\Sylwester\source\repos\Cards-against-the-world\Cards against the world\game.cpp(518): warning C4244: "argument": konwersja z "double" do "float", możliwa utrata danych
C:\Users\Sylwester\source\repos\Cards-against-the-world\Cards against the world\game.cpp(525): warning C4244: "argument": konwersja z "double" do "int", możliwa utrata danych
C:\Users\Sylwester\source\repos\Cards-against-the-world\Cards against the world\game.cpp(526): warning C4244: "argument": konwersja z "double" do "float", możliwa utrata danych
C:\Users\Sylwester\source\repos\Cards-against-the-world\Cards against the world\game.cpp(531): warning C4244: "argument": konwersja z "double" do "int", możliwa utrata danych
C:\Users\Sylwester\source\repos\Cards-against-the-world\Cards against the world\game.cpp(567): warning C4244: "argument": konwersja z "float" do "int", możliwa utrata danych
C:\Users\Sylwester\source\repos\Cards-against-the-world\Cards against the world\game.cpp(704): warning C4305: "argument": obcięcie z "double" do "float"
C:\Users\Sylwester\source\repos\Cards-against-the-world\Cards against the world\game.cpp(723): warning C4244: "argument": konwersja z "double" do "float", możliwa utrata danych
C:\Users\Sylwester\source\repos\Cards-against-the-world\Cards against the world\game.cpp(724): warning C4244: "argument": konwersja z "double" do "float", możliwa utrata danych
C:\Users\Sylwester\source\repos\Cards-against-the-world\Cards against the world\game.cpp(730): warning C4244: "argument": konwersja z "double" do "float", możliwa utrata danych
C:\Users\Sylwester\source\repos\Cards-against-the-world\Cards against the world\game.cpp(731): warning C4244: "argument": konwersja z "double" do "float", możliwa utrata danych
C:\Users\Sylwester\source\repos\Cards-against-the-world\Cards against the world\game.cpp(760): warning C4244: "argument": konwersja z "float" do "int", możliwa utrata danych
C:\Users\Sylwester\source\repos\Cards-against-the-world\Cards against the world\game.cpp(840): warning C4244: "argument": konwersja z "double" do "float", możliwa utrata danych
C:\Users\Sylwester\source\repos\Cards-against-the-world\Cards against the world\game.cpp(841): warning C4244: "argument": konwersja z "double" do "float", możliwa utrata danych
C:\Users\Sylwester\source\repos\Cards-against-the-world\Cards against the world\game.cpp(847): warning C4244: "argument": konwersja z "double" do "float", możliwa utrata danych
C:\Users\Sylwester\source\repos\Cards-against-the-world\Cards against the world\game.cpp(848): warning C4244: "argument": konwersja z "double" do "float", możliwa utrata danych
C:\Users\Sylwester\source\repos\Cards-against-the-world\Cards against the world\game.cpp(882): warning C4244: "argument": konwersja z "float" do "int", możliwa utrata danych
C:\Users\Sylwester\source\repos\Cards-against-the-world\Cards against the world\game.cpp(974): warning C4244: "argument": konwersja z "double" do "float", możliwa utrata danych
C:\Users\Sylwester\source\repos\Cards-against-the-world\Cards against the world\game.cpp(975): warning C4244: "argument": konwersja z "double" do "float", możliwa utrata danych
C:\Users\Sylwester\source\repos\Cards-against-the-world\Cards against the world\game.cpp(981): warning C4244: "argument": konwersja z "double" do "float", możliwa utrata danych
C:\Users\Sylwester\source\repos\Cards-against-the-world\Cards against the world\game.cpp(982): warning C4244: "argument": konwersja z "double" do "float", możliwa utrata danych
C:\Users\Sylwester\source\repos\Cards-against-the-world\Cards against the world\game.cpp(1014): warning C4244: "argument": konwersja z "float" do "int", możliwa utrata danych
C:\Users\Sylwester\source\repos\Cards-against-the-world\Cards against the world\game.cpp(1025): warning C4101: "coded": lokalna zmienna, do której nie istnieje odwołanie
  toggleTables.cpp
C:\Users\Sylwester\source\repos\Cards-against-the-world\Cards against the world\card.h(45): warning C4244: "argument": konwersja z "float" do "unsigned int", możliwa utrata danych
C:\Users\Sylwester\source\repos\Cards-against-the-world\Cards against the world\table.h(34): warning C4244: "argument": konwersja z "double" do "float", możliwa utrata danych
C:\Users\Sylwester\source\repos\Cards-against-the-world\Cards against the world\chosingTable.h(43): warning C4244: "argument": konwersja z "double" do "float", możliwa utrata danych
C:\Users\Sylwester\source\repos\Cards-against-the-world\Cards against the world\chosingTable.h(44): warning C4244: "argument": konwersja z "double" do "float", możliwa utrata danych
C:\Users\Sylwester\source\repos\Cards-against-the-world\Cards against the world\toggleTables.cpp(6): warning C4244: "argument": konwersja z "T" do "T", możliwa utrata danych
          with
          [
              T=int
          ]
          and
          [
              T=float
          ]
  Trwa generowanie kodu
C:\Users\Sylwester\source\repos\Cards-against-the-world\Cards against the world\game.cpp(1124): warning C4715: "game::normalF”: niewszystkie ścieżki kodu zwracają wartość
  1 of 1992 functions (<0.1%) were compiled, the rest were copied from previous compilation.
    0 functions were new in current compilation
    7 functions had inline decision re-evaluated but remain unchanged
  Zakończono generowanie kodu
  Cards against the world.vcxproj -> C:\Users\Sylwester\source\repos\Cards-against-the-world\Cards against the world\Release\Cards against the world.exe
