  Button.cpp
C:\Users\Sylwester\source\repos\Cards against the world\Cards-against-the-world\Cards against the world\Button.h(37): warning C4244: "argument": konwersja z "double" do "float", możliwa utrata danych
C:\Users\Sylwester\source\repos\Cards against the world\Cards-against-the-world\Cards against the world\Button.h(42): warning C4244: "argument": konwersja z "int" do "float", możliwa utrata danych
C:\Users\Sylwester\source\repos\Cards against the world\Cards-against-the-world\Cards against the world\Button.cpp(75): warning C4244: "argument": konwersja z "double" do "float", możliwa utrata danych
C:\Users\Sylwester\source\repos\Cards against the world\Cards-against-the-world\Cards against the world\Button.cpp(77): warning C4244: "argument": konwersja z "double" do "float", możliwa utrata danych
  Cards against the world.cpp
C:\Users\Sylwester\source\repos\Cards against the world\Cards-against-the-world\Cards against the world\Button.h(37): warning C4244: "argument": konwersja z "double" do "float", możliwa utrata danych
C:\Users\Sylwester\source\repos\Cards against the world\Cards-against-the-world\Cards against the world\Button.h(42): warning C4244: "argument": konwersja z "int" do "float", możliwa utrata danych
  chat.cpp
C:\Users\Sylwester\source\repos\Cards against the world\Cards-against-the-world\Cards against the world\inputText.h(69): warning C4244: "argument": konwersja z "int" do "float", możliwa utrata danych
C:\Users\Sylwester\source\repos\Cards against the world\Cards-against-the-world\Cards against the world\inputText.h(69): warning C4244: "argument": konwersja z "double" do "float", możliwa utrata danych
C:\Users\Sylwester\source\repos\Cards against the world\Cards-against-the-world\Cards against the world\inputText.h(84): warning C4244: "argument": konwersja z "int" do "T", możliwa utrata danych
          with
          [
              T=float
          ]
C:\Users\Sylwester\source\repos\Cards against the world\Cards-against-the-world\Cards against the world\inputText.h(84): warning C4244: "argument": konwersja z "int" do "float", możliwa utrata danych
C:\Users\Sylwester\source\repos\Cards against the world\Cards-against-the-world\Cards against the world\inputText.h(88): warning C4244: "argument": konwersja z "double" do "float", możliwa utrata danych
C:\Users\Sylwester\source\repos\Cards against the world\Cards-against-the-world\Cards against the world\Slider.h(22): warning C4244: "argument": konwersja z "double" do "float", możliwa utrata danych
C:\Users\Sylwester\source\repos\Cards against the world\Cards-against-the-world\Cards against the world\Slider.h(23): warning C4244: "argument": konwersja z "double" do "float", możliwa utrata danych
C:\Users\Sylwester\source\repos\Cards against the world\Cards-against-the-world\Cards against the world\Slider.h(32): warning C4244: "argument": konwersja z "double" do "float", możliwa utrata danych
C:\Users\Sylwester\source\repos\Cards against the world\Cards-against-the-world\Cards against the world\chat.cpp(39): warning C4267: "=": konwersja z "size_t" do "int", możliwa utrata danych
C:\Users\Sylwester\source\repos\Cards against the world\Cards-against-the-world\Cards against the world\chat.cpp(49): warning C4267: "inicjowanie": konwersja z "size_t" do "int", możliwa utrata danych
C:\Users\Sylwester\source\repos\Cards against the world\Cards-against-the-world\Cards against the world\chat.cpp(91): warning C4267: "inicjowanie": konwersja z "size_t" do "int", możliwa utrata danych
C:\Users\Sylwester\source\repos\Cards against the world\Cards-against-the-world\Cards against the world\chat.cpp(171): warning C4244: "inicjowanie": konwersja z "unsigned __int64" do "double", możliwa utrata danych
C:\Users\Sylwester\source\repos\Cards against the world\Cards-against-the-world\Cards against the world\chat.cpp(174): warning C4244: "argument": konwersja z "double" do "T", możliwa utrata danych
          with
          [
              T=float
          ]
C:\Users\Sylwester\source\repos\Cards against the world\Cards-against-the-world\Cards against the world\chat.cpp(174): warning C4244: "argument": konwersja z "int" do "T", możliwa utrata danych
          with
          [
              T=float
          ]
C:\Users\Sylwester\source\repos\Cards against the world\Cards-against-the-world\Cards against the world\chat.cpp(178): warning C4267: "argument": konwersja z "size_t" do "int", możliwa utrata danych
C:\Users\Sylwester\source\repos\Cards against the world\Cards-against-the-world\Cards against the world\chat.cpp(202): warning C4244: "argument": konwersja z "int" do "T", możliwa utrata danych
          with
          [
              T=float
          ]
C:\Users\Sylwester\source\repos\Cards against the world\Cards-against-the-world\Cards against the world\chat.cpp(205): warning C4244: "argument": konwersja z "int" do "float", możliwa utrata danych
C:\Users\Sylwester\source\repos\Cards against the world\Cards-against-the-world\Cards against the world\chat.cpp(209): warning C4244: "argument": konwersja z "int" do "T", możliwa utrata danych
          with
          [
              T=float
          ]
C:\Users\Sylwester\source\repos\Cards against the world\Cards-against-the-world\Cards against the world\chat.cpp(212): warning C4244: "argument": konwersja z "int" do "float", możliwa utrata danych
C:\Users\Sylwester\source\repos\Cards against the world\Cards-against-the-world\Cards against the world\chat.cpp(214): warning C4244: "argument": konwersja z "int" do "T", możliwa utrata danych
          with
          [
              T=float
          ]
C:\Users\Sylwester\source\repos\Cards against the world\Cards-against-the-world\Cards against the world\chat.cpp(218): warning C4244: "argument": konwersja z "int" do "T", możliwa utrata danych
          with
          [
              T=float
          ]
C:\Users\Sylwester\source\repos\Cards against the world\Cards-against-the-world\Cards against the world\chat.cpp(222): warning C4244: "argument": konwersja z "T" do "int", możliwa utrata danych
          with
          [
              T=float
          ]
C:\Users\Sylwester\source\repos\Cards against the world\Cards-against-the-world\Cards against the world\chat.cpp(232): warning C4244: "argument": konwersja z "int" do "T", możliwa utrata danych
          with
          [
              T=float
          ]
C:\Users\Sylwester\source\repos\Cards against the world\Cards-against-the-world\Cards against the world\chat.cpp(236): warning C4244: "argument": konwersja z "int" do "T", możliwa utrata danych
          with
          [
              T=float
          ]
  game.cpp
C:\Users\Sylwester\source\repos\Cards against the world\Cards-against-the-world\Cards against the world\inputText.h(69): warning C4244: "argument": konwersja z "int" do "float", możliwa utrata danych
C:\Users\Sylwester\source\repos\Cards against the world\Cards-against-the-world\Cards against the world\inputText.h(69): warning C4244: "argument": konwersja z "double" do "float", możliwa utrata danych
C:\Users\Sylwester\source\repos\Cards against the world\Cards-against-the-world\Cards against the world\inputText.h(84): warning C4244: "argument": konwersja z "int" do "T", możliwa utrata danych
          with
          [
              T=float
          ]
C:\Users\Sylwester\source\repos\Cards against the world\Cards-against-the-world\Cards against the world\inputText.h(84): warning C4244: "argument": konwersja z "int" do "float", możliwa utrata danych
C:\Users\Sylwester\source\repos\Cards against the world\Cards-against-the-world\Cards against the world\inputText.h(88): warning C4244: "argument": konwersja z "double" do "float", możliwa utrata danych
C:\Users\Sylwester\source\repos\Cards against the world\Cards-against-the-world\Cards against the world\Slider.h(22): warning C4244: "argument": konwersja z "double" do "float", możliwa utrata danych
C:\Users\Sylwester\source\repos\Cards against the world\Cards-against-the-world\Cards against the world\Slider.h(23): warning C4244: "argument": konwersja z "double" do "float", możliwa utrata danych
C:\Users\Sylwester\source\repos\Cards against the world\Cards-against-the-world\Cards against the world\Slider.h(32): warning C4244: "argument": konwersja z "double" do "float", możliwa utrata danych
C:\Users\Sylwester\source\repos\Cards against the world\Cards-against-the-world\Cards against the world\Button.h(37): warning C4244: "argument": konwersja z "double" do "float", możliwa utrata danych
C:\Users\Sylwester\source\repos\Cards against the world\Cards-against-the-world\Cards against the world\Button.h(42): warning C4244: "argument": konwersja z "int" do "float", możliwa utrata danych
C:\Users\Sylwester\source\repos\Cards against the world\Cards-against-the-world\Cards against the world\SliderW.h(28): warning C4244: "argument": konwersja z "double" do "float", możliwa utrata danych
C:\Users\Sylwester\source\repos\Cards against the world\Cards-against-the-world\Cards against the world\Rounds.h(17): warning C4244: "argument": konwersja z "int" do "float", możliwa utrata danych
C:\Users\Sylwester\source\repos\Cards against the world\Cards-against-the-world\Cards against the world\game.cpp(208): warning C4267: "inicjowanie": konwersja z "size_t" do "int", możliwa utrata danych
C:\Users\Sylwester\source\repos\Cards against the world\Cards-against-the-world\Cards against the world\game.cpp(235): warning C4267: "+=": konwersja z "size_t" do "int", możliwa utrata danych
C:\Users\Sylwester\source\repos\Cards against the world\Cards-against-the-world\Cards against the world\game.cpp(236): warning C4267: "-=": konwersja z "size_t" do "int", możliwa utrata danych
C:\Users\Sylwester\source\repos\Cards against the world\Cards-against-the-world\Cards against the world\game.cpp(255): warning C4267: "+=": konwersja z "size_t" do "int", możliwa utrata danych
C:\Users\Sylwester\source\repos\Cards against the world\Cards-against-the-world\Cards against the world\game.cpp(256): warning C4267: "-=": konwersja z "size_t" do "int", możliwa utrata danych
C:\Users\Sylwester\source\repos\Cards against the world\Cards-against-the-world\Cards against the world\game.cpp(286): warning C4244: "argument": konwersja z "double" do "float", możliwa utrata danych
C:\Users\Sylwester\source\repos\Cards against the world\Cards-against-the-world\Cards against the world\game.cpp(287): warning C4244: "argument": konwersja z "double" do "float", możliwa utrata danych
C:\Users\Sylwester\source\repos\Cards against the world\Cards-against-the-world\Cards against the world\game.cpp(293): warning C4244: "argument": konwersja z "double" do "float", możliwa utrata danych
C:\Users\Sylwester\source\repos\Cards against the world\Cards-against-the-world\Cards against the world\game.cpp(294): warning C4244: "argument": konwersja z "double" do "float", możliwa utrata danych
C:\Users\Sylwester\source\repos\Cards against the world\Cards-against-the-world\Cards against the world\game.cpp(300): warning C4244: "argument": konwersja z "double" do "int", możliwa utrata danych
C:\Users\Sylwester\source\repos\Cards against the world\Cards-against-the-world\Cards against the world\game.cpp(334): warning C4244: "argument": konwersja z "float" do "int", możliwa utrata danych
C:\Users\Sylwester\source\repos\Cards against the world\Cards-against-the-world\Cards against the world\game.cpp(355): warning C4101: "received": lokalna zmienna, do której nie istnieje odwołanie
C:\Users\Sylwester\source\repos\Cards against the world\Cards-against-the-world\Cards against the world\game.cpp(433): warning C4244: "argument": konwersja z "double" do "float", możliwa utrata danych
C:\Users\Sylwester\source\repos\Cards against the world\Cards-against-the-world\Cards against the world\game.cpp(434): warning C4244: "argument": konwersja z "double" do "float", możliwa utrata danych
C:\Users\Sylwester\source\repos\Cards against the world\Cards-against-the-world\Cards against the world\game.cpp(440): warning C4244: "argument": konwersja z "double" do "float", możliwa utrata danych
C:\Users\Sylwester\source\repos\Cards against the world\Cards-against-the-world\Cards against the world\game.cpp(441): warning C4244: "argument": konwersja z "double" do "float", możliwa utrata danych
C:\Users\Sylwester\source\repos\Cards against the world\Cards-against-the-world\Cards against the world\game.cpp(447): warning C4244: "argument": konwersja z "double" do "float", możliwa utrata danych
C:\Users\Sylwester\source\repos\Cards against the world\Cards-against-the-world\Cards against the world\game.cpp(448): warning C4244: "argument": konwersja z "double" do "float", możliwa utrata danych
C:\Users\Sylwester\source\repos\Cards against the world\Cards-against-the-world\Cards against the world\game.cpp(455): warning C4244: "argument": konwersja z "double" do "int", możliwa utrata danych
C:\Users\Sylwester\source\repos\Cards against the world\Cards-against-the-world\Cards against the world\game.cpp(456): warning C4244: "argument": konwersja z "double" do "float", możliwa utrata danych
C:\Users\Sylwester\source\repos\Cards against the world\Cards-against-the-world\Cards against the world\game.cpp(461): warning C4244: "argument": konwersja z "double" do "int", możliwa utrata danych
C:\Users\Sylwester\source\repos\Cards against the world\Cards-against-the-world\Cards against the world\game.cpp(497): warning C4244: "argument": konwersja z "float" do "int", możliwa utrata danych
C:\Users\Sylwester\source\repos\Cards against the world\Cards-against-the-world\Cards against the world\game.cpp(511): warning C4101: "received": lokalna zmienna, do której nie istnieje odwołanie
  inputText.cpp
C:\Users\Sylwester\source\repos\Cards against the world\Cards-against-the-world\Cards against the world\inputText.h(69): warning C4244: "argument": konwersja z "int" do "float", możliwa utrata danych
C:\Users\Sylwester\source\repos\Cards against the world\Cards-against-the-world\Cards against the world\inputText.h(69): warning C4244: "argument": konwersja z "double" do "float", możliwa utrata danych
C:\Users\Sylwester\source\repos\Cards against the world\Cards-against-the-world\Cards against the world\inputText.h(84): warning C4244: "argument": konwersja z "int" do "T", możliwa utrata danych
          with
          [
              T=float
          ]
C:\Users\Sylwester\source\repos\Cards against the world\Cards-against-the-world\Cards against the world\inputText.h(84): warning C4244: "argument": konwersja z "int" do "float", możliwa utrata danych
C:\Users\Sylwester\source\repos\Cards against the world\Cards-against-the-world\Cards against the world\inputText.h(88): warning C4244: "argument": konwersja z "double" do "float", możliwa utrata danych
C:\Users\Sylwester\source\repos\Cards against the world\Cards-against-the-world\Cards against the world\inputText.cpp(250): warning C4244: "argument": konwersja z "int" do "float", możliwa utrata danych
  lobbyPlayers.cpp
C:\Users\Sylwester\source\repos\Cards against the world\Cards-against-the-world\Cards against the world\lobbyPlayers.cpp(44): warning C4244: "=": konwersja z "int" do "T", możliwa utrata danych
          with
          [
              T=float
          ]
  menu.cpp
C:\Users\Sylwester\source\repos\Cards against the world\Cards-against-the-world\Cards against the world\Button.h(37): warning C4244: "argument": konwersja z "double" do "float", możliwa utrata danych
C:\Users\Sylwester\source\repos\Cards against the world\Cards-against-the-world\Cards against the world\Button.h(42): warning C4244: "argument": konwersja z "int" do "float", możliwa utrata danych
C:\Users\Sylwester\source\repos\Cards against the world\Cards-against-the-world\Cards against the world\inputText.h(69): warning C4244: "argument": konwersja z "int" do "float", możliwa utrata danych
C:\Users\Sylwester\source\repos\Cards against the world\Cards-against-the-world\Cards against the world\inputText.h(69): warning C4244: "argument": konwersja z "double" do "float", możliwa utrata danych
C:\Users\Sylwester\source\repos\Cards against the world\Cards-against-the-world\Cards against the world\inputText.h(84): warning C4244: "argument": konwersja z "int" do "T", możliwa utrata danych
          with
          [
              T=float
          ]
C:\Users\Sylwester\source\repos\Cards against the world\Cards-against-the-world\Cards against the world\inputText.h(84): warning C4244: "argument": konwersja z "int" do "float", możliwa utrata danych
C:\Users\Sylwester\source\repos\Cards against the world\Cards-against-the-world\Cards against the world\inputText.h(88): warning C4244: "argument": konwersja z "double" do "float", możliwa utrata danych
C:\Users\Sylwester\source\repos\Cards against the world\Cards-against-the-world\Cards against the world\PopAlert.h(23): warning C4244: "argument": konwersja z "double" do "float", możliwa utrata danych
C:\Users\Sylwester\source\repos\Cards against the world\Cards-against-the-world\Cards against the world\Slider.h(22): warning C4244: "argument": konwersja z "double" do "float", możliwa utrata danych
C:\Users\Sylwester\source\repos\Cards against the world\Cards-against-the-world\Cards against the world\Slider.h(23): warning C4244: "argument": konwersja z "double" do "float", możliwa utrata danych
C:\Users\Sylwester\source\repos\Cards against the world\Cards-against-the-world\Cards against the world\Slider.h(32): warning C4244: "argument": konwersja z "double" do "float", możliwa utrata danych
C:\Users\Sylwester\source\repos\Cards against the world\Cards-against-the-world\Cards against the world\menu.cpp(51): warning C4244: "argument": konwersja z "double" do "float", możliwa utrata danych
C:\Users\Sylwester\source\repos\Cards against the world\Cards-against-the-world\Cards against the world\menu.cpp(52): warning C4244: "argument": konwersja z "double" do "float", możliwa utrata danych
C:\Users\Sylwester\source\repos\Cards against the world\Cards-against-the-world\Cards against the world\menu.cpp(58): warning C4244: "argument": konwersja z "double" do "float", możliwa utrata danych
C:\Users\Sylwester\source\repos\Cards against the world\Cards-against-the-world\Cards against the world\menu.cpp(59): warning C4244: "argument": konwersja z "double" do "float", możliwa utrata danych
C:\Users\Sylwester\source\repos\Cards against the world\Cards-against-the-world\Cards against the world\menu.cpp(65): warning C4244: "argument": konwersja z "double" do "float", możliwa utrata danych
C:\Users\Sylwester\source\repos\Cards against the world\Cards-against-the-world\Cards against the world\menu.cpp(66): warning C4244: "argument": konwersja z "double" do "float", możliwa utrata danych
C:\Users\Sylwester\source\repos\Cards against the world\Cards-against-the-world\Cards against the world\menu.cpp(105): warning C4244: "argument": konwersja z "double" do "float", możliwa utrata danych
C:\Users\Sylwester\source\repos\Cards against the world\Cards-against-the-world\Cards against the world\menu.cpp(106): warning C4244: "argument": konwersja z "double" do "float", możliwa utrata danych
C:\Users\Sylwester\source\repos\Cards against the world\Cards-against-the-world\Cards against the world\menu.cpp(112): warning C4244: "argument": konwersja z "double" do "float", możliwa utrata danych
C:\Users\Sylwester\source\repos\Cards against the world\Cards-against-the-world\Cards against the world\menu.cpp(113): warning C4244: "argument": konwersja z "double" do "float", możliwa utrata danych
C:\Users\Sylwester\source\repos\Cards against the world\Cards-against-the-world\Cards against the world\menu.cpp(119): warning C4244: "argument": konwersja z "double" do "float", możliwa utrata danych
C:\Users\Sylwester\source\repos\Cards against the world\Cards-against-the-world\Cards against the world\menu.cpp(120): warning C4244: "argument": konwersja z "double" do "float", możliwa utrata danych
C:\Users\Sylwester\source\repos\Cards against the world\Cards-against-the-world\Cards against the world\menu.cpp(164): warning C4244: "argument": konwersja z "double" do "float", możliwa utrata danych
C:\Users\Sylwester\source\repos\Cards against the world\Cards-against-the-world\Cards against the world\menu.cpp(165): warning C4244: "argument": konwersja z "double" do "float", możliwa utrata danych
C:\Users\Sylwester\source\repos\Cards against the world\Cards-against-the-world\Cards against the world\menu.cpp(168): warning C4244: "argument": konwersja z "double" do "float", możliwa utrata danych
C:\Users\Sylwester\source\repos\Cards against the world\Cards-against-the-world\Cards against the world\menu.cpp(169): warning C4244: "argument": konwersja z "double" do "float", możliwa utrata danych
C:\Users\Sylwester\source\repos\Cards against the world\Cards-against-the-world\Cards against the world\menu.cpp(174): warning C4244: "argument": konwersja z "double" do "int", możliwa utrata danych
C:\Users\Sylwester\source\repos\Cards against the world\Cards-against-the-world\Cards against the world\menu.cpp(182): warning C4244: "argument": konwersja z "double" do "int", możliwa utrata danych
C:\Users\Sylwester\source\repos\Cards against the world\Cards-against-the-world\Cards against the world\menu.cpp(188): warning C4244: "argument": konwersja z "double" do "float", możliwa utrata danych
C:\Users\Sylwester\source\repos\Cards against the world\Cards-against-the-world\Cards against the world\menu.cpp(189): warning C4244: "argument": konwersja z "double" do "float", możliwa utrata danych
C:\Users\Sylwester\source\repos\Cards against the world\Cards-against-the-world\Cards against the world\menu.cpp(195): warning C4244: "argument": konwersja z "double" do "float", możliwa utrata danych
C:\Users\Sylwester\source\repos\Cards against the world\Cards-against-the-world\Cards against the world\menu.cpp(196): warning C4244: "argument": konwersja z "double" do "float", możliwa utrata danych
  messages.cpp
  PopAlert.cpp
C:\Users\Sylwester\source\repos\Cards against the world\Cards-against-the-world\Cards against the world\Button.h(37): warning C4244: "argument": konwersja z "double" do "float", możliwa utrata danych
C:\Users\Sylwester\source\repos\Cards against the world\Cards-against-the-world\Cards against the world\Button.h(42): warning C4244: "argument": konwersja z "int" do "float", możliwa utrata danych
C:\Users\Sylwester\source\repos\Cards against the world\Cards-against-the-world\Cards against the world\PopAlert.h(23): warning C4244: "argument": konwersja z "double" do "float", możliwa utrata danych
C:\Users\Sylwester\source\repos\Cards against the world\Cards-against-the-world\Cards against the world\PopAlert.cpp(13): warning C4244: "argument": konwersja z "double" do "float", możliwa utrata danych
C:\Users\Sylwester\source\repos\Cards against the world\Cards-against-the-world\Cards against the world\PopAlert.cpp(16): warning C4244: "argument": konwersja z "double" do "float", możliwa utrata danych
C:\Users\Sylwester\source\repos\Cards against the world\Cards-against-the-world\Cards against the world\PopAlert.cpp(17): warning C4244: "argument": konwersja z "double" do "float", możliwa utrata danych
C:\Users\Sylwester\source\repos\Cards against the world\Cards-against-the-world\Cards against the world\PopAlert.cpp(19): warning C4244: "argument": konwersja z "double" do "float", możliwa utrata danych
C:\Users\Sylwester\source\repos\Cards against the world\Cards-against-the-world\Cards against the world\PopAlert.cpp(21): warning C4244: "argument": konwersja z "double" do "float", możliwa utrata danych
C:\Users\Sylwester\source\repos\Cards against the world\Cards-against-the-world\Cards against the world\PopAlert.cpp(22): warning C4244: "argument": konwersja z "double" do "float", możliwa utrata danych
  Rounds.cpp
C:\Users\Sylwester\source\repos\Cards against the world\Cards-against-the-world\Cards against the world\inputText.h(69): warning C4244: "argument": konwersja z "int" do "float", możliwa utrata danych
C:\Users\Sylwester\source\repos\Cards against the world\Cards-against-the-world\Cards against the world\inputText.h(69): warning C4244: "argument": konwersja z "double" do "float", możliwa utrata danych
C:\Users\Sylwester\source\repos\Cards against the world\Cards-against-the-world\Cards against the world\inputText.h(84): warning C4244: "argument": konwersja z "int" do "T", możliwa utrata danych
          with
          [
              T=float
          ]
C:\Users\Sylwester\source\repos\Cards against the world\Cards-against-the-world\Cards against the world\inputText.h(84): warning C4244: "argument": konwersja z "int" do "float", możliwa utrata danych
C:\Users\Sylwester\source\repos\Cards against the world\Cards-against-the-world\Cards against the world\inputText.h(88): warning C4244: "argument": konwersja z "double" do "float", możliwa utrata danych
C:\Users\Sylwester\source\repos\Cards against the world\Cards-against-the-world\Cards against the world\SliderW.h(28): warning C4244: "argument": konwersja z "double" do "float", możliwa utrata danych
C:\Users\Sylwester\source\repos\Cards against the world\Cards-against-the-world\Cards against the world\Rounds.h(17): warning C4244: "argument": konwersja z "int" do "float", możliwa utrata danych
C:\Users\Sylwester\source\repos\Cards against the world\Cards-against-the-world\Cards against the world\Rounds.cpp(28): warning C4244: "=": konwersja z "double" do "int", możliwa utrata danych
  Settings.cpp
  Slider.cpp
C:\Users\Sylwester\source\repos\Cards against the world\Cards-against-the-world\Cards against the world\Slider.h(22): warning C4244: "argument": konwersja z "double" do "float", możliwa utrata danych
C:\Users\Sylwester\source\repos\Cards against the world\Cards-against-the-world\Cards against the world\Slider.h(23): warning C4244: "argument": konwersja z "double" do "float", możliwa utrata danych
C:\Users\Sylwester\source\repos\Cards against the world\Cards-against-the-world\Cards against the world\Slider.h(32): warning C4244: "argument": konwersja z "double" do "float", możliwa utrata danych
C:\Users\Sylwester\source\repos\Cards against the world\Cards-against-the-world\Cards against the world\Slider.cpp(75): warning C4244: "=": konwersja z "double" do "int", możliwa utrata danych
C:\Users\Sylwester\source\repos\Cards against the world\Cards-against-the-world\Cards against the world\Slider.cpp(84): warning C4244: "=": konwersja z "double" do "int", możliwa utrata danych
  SliderW.cpp
C:\Users\Sylwester\source\repos\Cards against the world\Cards-against-the-world\Cards against the world\SliderW.h(28): warning C4244: "argument": konwersja z "double" do "float", możliwa utrata danych
C:\Users\Sylwester\source\repos\Cards against the world\Cards-against-the-world\Cards against the world\SliderW.cpp(85): warning C4244: "=": konwersja z "T" do "int", możliwa utrata danych
          with
          [
              T=float
          ]
C:\Users\Sylwester\source\repos\Cards against the world\Cards-against-the-world\Cards against the world\SliderW.cpp(87): warning C4244: "=": konwersja z "T" do "int", możliwa utrata danych
          with
          [
              T=float
          ]
C:\Users\Sylwester\source\repos\Cards against the world\Cards-against-the-world\Cards against the world\SliderW.cpp(88): warning C4244: "argument": konwersja z "int" do "float", możliwa utrata danych
C:\Users\Sylwester\source\repos\Cards against the world\Cards-against-the-world\Cards against the world\SliderW.cpp(114): warning C4244: "argument": konwersja z "double" do "float", możliwa utrata danych
C:\Users\Sylwester\source\repos\Cards against the world\Cards-against-the-world\Cards against the world\SliderW.cpp(115): warning C4244: "argument": konwersja z "double" do "float", możliwa utrata danych
C:\Users\Sylwester\source\repos\Cards against the world\Cards-against-the-world\Cards against the world\SliderW.cpp(116): warning C4244: "argument": konwersja z "double" do "float", możliwa utrata danych
C:\Users\Sylwester\source\repos\Cards against the world\Cards-against-the-world\Cards against the world\SliderW.cpp(117): warning C4244: "argument": konwersja z "int" do "float", możliwa utrata danych
C:\Users\Sylwester\source\repos\Cards against the world\Cards-against-the-world\Cards against the world\SliderW.cpp(118): warning C4244: "argument": konwersja z "double" do "float", możliwa utrata danych
C:\Users\Sylwester\source\repos\Cards against the world\Cards-against-the-world\Cards against the world\SliderW.cpp(123): warning C4244: "argument": konwersja z "double" do "float", możliwa utrata danych
C:\Users\Sylwester\source\repos\Cards against the world\Cards-against-the-world\Cards against the world\SliderW.cpp(123): warning C4244: "argument": konwersja z "int" do "float", możliwa utrata danych
  socketUtils.cpp
C:\Users\Sylwester\source\repos\Cards against the world\Cards-against-the-world\Cards against the world\socketUtils.cpp(21): warning C4101: "ch": lokalna zmienna, do której nie istnieje odwołanie
C:\Users\Sylwester\source\repos\Cards against the world\Cards-against-the-world\Cards against the world\socketUtils.cpp(33): warning C4267: "=": konwersja z "size_t" do "int", możliwa utrata danych
C:\Users\Sylwester\source\repos\Cards against the world\Cards-against-the-world\Cards against the world\socketUtils.cpp(43): warning C4267: "inicjowanie": konwersja z "size_t" do "int", możliwa utrata danych
  Sounds.cpp
C:\Users\Sylwester\source\repos\Cards against the world\Cards-against-the-world\Cards against the world\Sounds.cpp(8): warning C4244: "argument": konwersja z "double" do "float", możliwa utrata danych
C:\Users\Sylwester\source\repos\Cards against the world\Cards-against-the-world\Cards against the world\Sounds.cpp(13): warning C4244: "argument": konwersja z "double" do "float", możliwa utrata danych
sfml-graphics.lib(sfml-graphics-2.dll) : fatal error LNK1112: wystąpił konflikt typu maszyny modułu „x86” z typem maszyny docelowej „x64”
