c:\users\sylwester\source\repos\cards-against-the-world\cards against the world\debug\vc142.pdb
c:\users\sylwester\source\repos\cards-against-the-world\cards against the world\debug\vc142.idb
c:\users\sylwester\source\repos\cards-against-the-world\cards against the world\debug\sounds.obj
c:\users\sylwester\source\repos\cards-against-the-world\cards against the world\debug\socketutils.obj
c:\users\sylwester\source\repos\cards-against-the-world\cards against the world\debug\sliderw.obj
c:\users\sylwester\source\repos\cards-against-the-world\cards against the world\debug\slider.obj
c:\users\sylwester\source\repos\cards-against-the-world\cards against the world\debug\settings.obj
c:\users\sylwester\source\repos\cards-against-the-world\cards against the world\debug\rounds.obj
c:\users\sylwester\source\repos\cards-against-the-world\cards against the world\debug\popalert.obj
c:\users\sylwester\source\repos\cards-against-the-world\cards against the world\debug\messages.obj
c:\users\sylwester\source\repos\cards-against-the-world\cards against the world\debug\menu.obj
c:\users\sylwester\source\repos\cards-against-the-world\cards against the world\debug\lobbyplayers.obj
c:\users\sylwester\source\repos\cards-against-the-world\cards against the world\debug\inputtext.obj
c:\users\sylwester\source\repos\cards-against-the-world\cards against the world\debug\game.obj
c:\users\sylwester\source\repos\cards-against-the-world\cards against the world\debug\deck.obj
c:\users\sylwester\source\repos\cards-against-the-world\cards against the world\debug\chat.obj
c:\users\sylwester\source\repos\cards-against-the-world\cards against the world\debug\cards against the world.obj
c:\users\sylwester\source\repos\cards-against-the-world\cards against the world\debug\button.obj
c:\users\sylwester\source\repos\cards-against-the-world\cards against the world\debug\card.obj
c:\users\sylwester\source\repos\cards-against-the-world\cards against the world\debug\table.obj
c:\users\sylwester\source\repos\cards-against-the-world\cards against the world\debug\cards against the world.exe
c:\users\sylwester\source\repos\cards-against-the-world\cards against the world\debug\cards against the world.ilk
c:\users\sylwester\source\repos\cards-against-the-world\cards against the world\debug\cards against the world.pdb
c:\users\sylwester\source\repos\cards-against-the-world\cards against the world\debug\chat.obj.enc
c:\users\sylwester\source\repos\cards-against-the-world\cards against the world\debug\deck.obj.enc
c:\users\sylwester\source\repos\cards-against-the-world\cards against the world\debug\game.new.obj.enc
c:\users\sylwester\source\repos\cards-against-the-world\cards against the world\debug\inputtext.obj.enc
c:\users\sylwester\source\repos\cards-against-the-world\cards against the world\debug\settings.new.obj.enc
c:\users\sylwester\source\repos\cards-against-the-world\cards against the world\debug\slider.obj.enc
c:\users\sylwester\source\repos\cards-against-the-world\cards against the world\debug\socketutils.new.obj.enc
c:\users\sylwester\source\repos\cards-against-the-world\cards against the world\debug\table.obj.enc
c:\users\sylwester\source\repos\cards-against-the-world\cards against the world\debug\cards ag.a5e13add.tlog\cl.command.1.tlog
c:\users\sylwester\source\repos\cards-against-the-world\cards against the world\debug\cards ag.a5e13add.tlog\cl.read.1.tlog
c:\users\sylwester\source\repos\cards-against-the-world\cards against the world\debug\cards ag.a5e13add.tlog\cl.write.1.tlog
c:\users\sylwester\source\repos\cards-against-the-world\cards against the world\debug\cards ag.a5e13add.tlog\link.command.1.tlog
c:\users\sylwester\source\repos\cards-against-the-world\cards against the world\debug\cards ag.a5e13add.tlog\link.read.1.tlog
c:\users\sylwester\source\repos\cards-against-the-world\cards against the world\debug\cards ag.a5e13add.tlog\link.write.1.tlog
