  menu.cpp
C:\Users\Sylwester\source\repos\Cards-against-the-world\Cards against the world\Button.h(37): warning C4244: "argument": konwersja z "double" do "float", możliwa utrata danych
C:\Users\Sylwester\source\repos\Cards-against-the-world\Cards against the world\Button.h(42): warning C4244: "argument": konwersja z "int" do "float", możliwa utrata danych
C:\Users\Sylwester\source\repos\Cards-against-the-world\Cards against the world\inputText.h(69): warning C4244: "argument": konwersja z "int" do "float", możliwa utrata danych
C:\Users\Sylwester\source\repos\Cards-against-the-world\Cards against the world\inputText.h(69): warning C4244: "argument": konwersja z "double" do "float", możliwa utrata danych
C:\Users\Sylwester\source\repos\Cards-against-the-world\Cards against the world\inputText.h(84): warning C4244: "argument": konwersja z "int" do "T", możliwa utrata danych
          with
          [
              T=float
          ]
C:\Users\Sylwester\source\repos\Cards-against-the-world\Cards against the world\inputText.h(84): warning C4244: "argument": konwersja z "int" do "float", możliwa utrata danych
C:\Users\Sylwester\source\repos\Cards-against-the-world\Cards against the world\inputText.h(88): warning C4244: "argument": konwersja z "double" do "float", możliwa utrata danych
C:\Users\Sylwester\source\repos\Cards-against-the-world\Cards against the world\PopAlert.h(23): warning C4244: "argument": konwersja z "double" do "float", możliwa utrata danych
C:\Users\Sylwester\source\repos\Cards-against-the-world\Cards against the world\Slider.h(22): warning C4244: "argument": konwersja z "double" do "float", możliwa utrata danych
C:\Users\Sylwester\source\repos\Cards-against-the-world\Cards against the world\Slider.h(23): warning C4244: "argument": konwersja z "double" do "float", możliwa utrata danych
C:\Users\Sylwester\source\repos\Cards-against-the-world\Cards against the world\Slider.h(32): warning C4244: "argument": konwersja z "double" do "float", możliwa utrata danych
C:\Users\Sylwester\source\repos\Cards-against-the-world\Cards against the world\card.h(34): warning C4244: "argument": konwersja z "float" do "unsigned int", możliwa utrata danych
C:\Users\Sylwester\source\repos\Cards-against-the-world\Cards against the world\menu.cpp(57): warning C4244: "argument": konwersja z "double" do "float", możliwa utrata danych
C:\Users\Sylwester\source\repos\Cards-against-the-world\Cards against the world\menu.cpp(58): warning C4244: "argument": konwersja z "double" do "float", możliwa utrata danych
C:\Users\Sylwester\source\repos\Cards-against-the-world\Cards against the world\menu.cpp(64): warning C4244: "argument": konwersja z "double" do "float", możliwa utrata danych
C:\Users\Sylwester\source\repos\Cards-against-the-world\Cards against the world\menu.cpp(65): warning C4244: "argument": konwersja z "double" do "float", możliwa utrata danych
C:\Users\Sylwester\source\repos\Cards-against-the-world\Cards against the world\menu.cpp(71): warning C4244: "argument": konwersja z "double" do "float", możliwa utrata danych
C:\Users\Sylwester\source\repos\Cards-against-the-world\Cards against the world\menu.cpp(72): warning C4244: "argument": konwersja z "double" do "float", możliwa utrata danych
C:\Users\Sylwester\source\repos\Cards-against-the-world\Cards against the world\menu.cpp(111): warning C4244: "argument": konwersja z "double" do "float", możliwa utrata danych
C:\Users\Sylwester\source\repos\Cards-against-the-world\Cards against the world\menu.cpp(112): warning C4244: "argument": konwersja z "double" do "float", możliwa utrata danych
C:\Users\Sylwester\source\repos\Cards-against-the-world\Cards against the world\menu.cpp(118): warning C4244: "argument": konwersja z "double" do "float", możliwa utrata danych
C:\Users\Sylwester\source\repos\Cards-against-the-world\Cards against the world\menu.cpp(119): warning C4244: "argument": konwersja z "double" do "float", możliwa utrata danych
C:\Users\Sylwester\source\repos\Cards-against-the-world\Cards against the world\menu.cpp(125): warning C4244: "argument": konwersja z "double" do "float", możliwa utrata danych
C:\Users\Sylwester\source\repos\Cards-against-the-world\Cards against the world\menu.cpp(126): warning C4244: "argument": konwersja z "double" do "float", możliwa utrata danych
C:\Users\Sylwester\source\repos\Cards-against-the-world\Cards against the world\menu.cpp(172): warning C4244: "argument": konwersja z "double" do "float", możliwa utrata danych
C:\Users\Sylwester\source\repos\Cards-against-the-world\Cards against the world\menu.cpp(173): warning C4244: "argument": konwersja z "double" do "float", możliwa utrata danych
C:\Users\Sylwester\source\repos\Cards-against-the-world\Cards against the world\menu.cpp(211): warning C4244: "argument": konwersja z "double" do "float", możliwa utrata danych
C:\Users\Sylwester\source\repos\Cards-against-the-world\Cards against the world\menu.cpp(212): warning C4244: "argument": konwersja z "double" do "float", możliwa utrata danych
C:\Users\Sylwester\source\repos\Cards-against-the-world\Cards against the world\menu.cpp(215): warning C4244: "argument": konwersja z "double" do "float", możliwa utrata danych
C:\Users\Sylwester\source\repos\Cards-against-the-world\Cards against the world\menu.cpp(216): warning C4244: "argument": konwersja z "double" do "float", możliwa utrata danych
C:\Users\Sylwester\source\repos\Cards-against-the-world\Cards against the world\menu.cpp(221): warning C4244: "argument": konwersja z "double" do "int", możliwa utrata danych
C:\Users\Sylwester\source\repos\Cards-against-the-world\Cards against the world\menu.cpp(229): warning C4244: "argument": konwersja z "double" do "int", możliwa utrata danych
C:\Users\Sylwester\source\repos\Cards-against-the-world\Cards against the world\menu.cpp(235): warning C4244: "argument": konwersja z "double" do "float", możliwa utrata danych
C:\Users\Sylwester\source\repos\Cards-against-the-world\Cards against the world\menu.cpp(236): warning C4244: "argument": konwersja z "double" do "float", możliwa utrata danych
C:\Users\Sylwester\source\repos\Cards-against-the-world\Cards against the world\menu.cpp(242): warning C4244: "argument": konwersja z "double" do "float", możliwa utrata danych
C:\Users\Sylwester\source\repos\Cards-against-the-world\Cards against the world\menu.cpp(243): warning C4244: "argument": konwersja z "double" do "float", możliwa utrata danych
C:\Users\Sylwester\source\repos\Cards-against-the-world\Cards against the world\menu.cpp(161): warning C4715: "Menu::choseGameMode”: niewszystkie ścieżki kodu zwracają wartość
C:\Users\Sylwester\source\repos\Cards-against-the-world\Cards against the world\menu.cpp(103): warning C4715: "Menu::mainMenuUpdate”: niewszystkie ścieżki kodu zwracają wartość
C:\Users\Sylwester\source\repos\Cards-against-the-world\Cards against the world\menu.cpp(202): warning C4715: "Menu::test”: niewszystkie ścieżki kodu zwracają wartość
C:\Users\Sylwester\source\repos\Cards-against-the-world\Cards against the world\menu.cpp(308): warning C4715: "Menu::ConnectToLobby”: niewszystkie ścieżki kodu zwracają wartość
  Cards against the world.vcxproj -> C:\Users\Sylwester\source\repos\Cards-against-the-world\Cards against the world\Debug\Cards against the world.exe
